[debug] [2024-04-22T23:17:57.039Z] ----------------------------------------------------------------------
[debug] [2024-04-22T23:17:57.042Z] Command:       C:\Program Files\nodejs\node.exe C:\Users\Yober\AppData\Roaming\npm\node_modules\firebase-tools\lib\bin\firebase.js init
[debug] [2024-04-22T23:17:57.042Z] CLI Version:   13.7.3
[debug] [2024-04-22T23:17:57.043Z] Platform:      win32
[debug] [2024-04-22T23:17:57.043Z] Node Version:  v20.12.2
[debug] [2024-04-22T23:17:57.043Z] Time:          Mon Apr 22 2024 20:17:57 GMT-0300 (hora estándar de Argentina)
[debug] [2024-04-22T23:17:57.043Z] ----------------------------------------------------------------------
[debug] 
[debug] [2024-04-22T23:17:57.046Z] >>> [apiv2][query] GET https://firebase-public.firebaseio.com/cli.json [none]
[debug] [2024-04-22T23:17:57.095Z] > command requires scopes: ["email","openid","https://www.googleapis.com/auth/cloudplatformprojects.readonly","https://www.googleapis.com/auth/firebase","https://www.googleapis.com/auth/cloud-platform"]
[debug] [2024-04-22T23:17:57.095Z] > authorizing via signed-in user (yober2828@gmail.com)
[info] 
     ######## #### ########  ######## ########     ###     ######  ########
     ##        ##  ##     ## ##       ##     ##  ##   ##  ##       ##
     ######    ##  ########  ######   ########  #########  ######  ######
     ##        ##  ##    ##  ##       ##     ## ##     ##       ## ##
     ##       #### ##     ## ######## ########  ##     ##  ######  ########

You're about to initialize a Firebase project in this directory:

  C:\Users\Yober\Desktop\tplabo4vasquezyoberVasquezYober

[debug] [2024-04-22T23:17:57.476Z] <<< [apiv2][status] GET https://firebase-public.firebaseio.com/cli.json 200
[debug] [2024-04-22T23:17:57.476Z] <<< [apiv2][body] GET https://firebase-public.firebaseio.com/cli.json {"cloudBuildErrorAfter":1594252800000,"cloudBuildWarnAfter":1590019200000,"defaultNode10After":1594252800000,"minVersion":"3.0.5","node8DeploysDisabledAfter":1613390400000,"node8RuntimeDisabledAfter":1615809600000,"node8WarnAfter":1600128000000}
[info] 
=== Project Setup
[info] 
[info] First, let's associate this project directory with a Firebase project.
[info] You can create multiple project aliases by running firebase use --add, 
[info] but for now we'll just set up a default project.
[info] 
[debug] [2024-04-22T23:19:31.823Z] > refreshing access token with scopes: []
[debug] [2024-04-22T23:19:31.824Z] >>> [apiv2][query] POST https://www.googleapis.com/oauth2/v3/token [none]
[debug] [2024-04-22T23:19:31.824Z] >>> [apiv2][body] POST https://www.googleapis.com/oauth2/v3/token [omitted]
[debug] [2024-04-22T23:19:31.926Z] <<< [apiv2][status] POST https://www.googleapis.com/oauth2/v3/token 200
[debug] [2024-04-22T23:19:31.927Z] <<< [apiv2][body] POST https://www.googleapis.com/oauth2/v3/token [omitted]
[debug] [2024-04-22T23:19:31.933Z] >>> [apiv2][query] GET https://firebase.googleapis.com/v1beta1/projects pageSize=100
[debug] [2024-04-22T23:19:32.492Z] <<< [apiv2][status] GET https://firebase.googleapis.com/v1beta1/projects 200
[debug] [2024-04-22T23:19:32.492Z] <<< [apiv2][body] GET https://firebase.googleapis.com/v1beta1/projects [omitted]
[info] i  Using project labo4-ejer (labo4-ejer) 
[info] 
=== Hosting Setup
[debug] [2024-04-22T23:19:58.433Z] >>> [apiv2][query] GET https://firebase.googleapis.com/v1beta1/projects/labo4-ejer [none]
[debug] [2024-04-22T23:19:58.737Z] <<< [apiv2][status] GET https://firebase.googleapis.com/v1beta1/projects/labo4-ejer 200
[debug] [2024-04-22T23:19:58.737Z] <<< [apiv2][body] GET https://firebase.googleapis.com/v1beta1/projects/labo4-ejer {"projectId":"labo4-ejer","projectNumber":"1070937341567","displayName":"labo4-ejer","name":"projects/labo4-ejer","resources":{"hostingSite":"labo4-ejer"},"state":"ACTIVE","etag":"1_d4ff60f6-c5ec-475e-86dc-7a7814906249"}
[info] 
[info] Your public directory is the folder (relative to your project directory) that
[info] will contain Hosting assets to be uploaded with firebase deploy. If you
[info] have a build process for your assets, use your build's output directory.
[info] 
